<?xml version="1.0" encoding="UTF-8"?>
<testsuite name="StringTasksSpec" tests="78" skipped="0" failures="0" errors="0" timestamp="2022-11-05T21:41:56" hostname="LAPTOP-FLS8LGSG" time="0.27">
  <properties/>
  <testcase name="1: is lower case test [input: null, expectedResult: false, #0]" classname="StringTasksSpec" time="0.096"/>
  <testcase name="1: is lower case test [input: , expectedResult: false, #1]" classname="StringTasksSpec" time="0.001"/>
  <testcase name="1: is lower case test [input:  , expectedResult: false, #2]" classname="StringTasksSpec" time="0.0"/>
  <testcase name="1: is lower case test [input: 123, expectedResult: false, #3]" classname="StringTasksSpec" time="0.001"/>
  <testcase name="1: is lower case test [input: HelloWorld, expectedResult: false, #4]" classname="StringTasksSpec" time="0.0"/>
  <testcase name="1: is lower case test [input: HELLOWORLD, expectedResult: false, #5]" classname="StringTasksSpec" time="0.0"/>
  <testcase name="1: is lower case test [input: hello world, expectedResult: false, #6]" classname="StringTasksSpec" time="0.0"/>
  <testcase name="1: is lower case test [input: helloworld, expectedResult: true, #7]" classname="StringTasksSpec" time="0.001"/>
  <testcase name="2: is upper case test [input: null, expectedResult: false, #0]" classname="StringTasksSpec" time="0.002"/>
  <testcase name="2: is upper case test [input: , expectedResult: false, #1]" classname="StringTasksSpec" time="0.001"/>
  <testcase name="2: is upper case test [input:  , expectedResult: false, #2]" classname="StringTasksSpec" time="0.0"/>
  <testcase name="2: is upper case test [input: 123, expectedResult: false, #3]" classname="StringTasksSpec" time="0.001"/>
  <testcase name="2: is upper case test [input: HelloWorld, expectedResult: false, #4]" classname="StringTasksSpec" time="0.001"/>
  <testcase name="2: is upper case test [input: hello world, expectedResult: false, #5]" classname="StringTasksSpec" time="0.0"/>
  <testcase name="2: is upper case test [input: helloworld, expectedResult: false, #6]" classname="StringTasksSpec" time="0.0"/>
  <testcase name="2: is upper case test [input: HELLOWORLD, expectedResult: true, #7]" classname="StringTasksSpec" time="0.001"/>
  <testcase name="3: is camel case test [input: null, expectedResult: false, #0]" classname="StringTasksSpec" time="0.002"/>
  <testcase name="3: is camel case test [input: , expectedResult: false, #1]" classname="StringTasksSpec" time="0.0"/>
  <testcase name="3: is camel case test [input:  , expectedResult: false, #2]" classname="StringTasksSpec" time="0.001"/>
  <testcase name="3: is camel case test [input: 123, expectedResult: false, #3]" classname="StringTasksSpec" time="0.0"/>
  <testcase name="3: is camel case test [input: HelloWorld, expectedResult: false, #4]" classname="StringTasksSpec" time="0.001"/>
  <testcase name="3: is camel case test [input: hello world, expectedResult: false, #5]" classname="StringTasksSpec" time="0.001"/>
  <testcase name="3: is camel case test [input: helloworld, expectedResult: false, #6]" classname="StringTasksSpec" time="0.0"/>
  <testcase name="3: is camel case test [input: HELLOWORLD, expectedResult: false, #7]" classname="StringTasksSpec" time="0.0"/>
  <testcase name="3: is camel case test [input: Helloworld, expectedResult: true, #8]" classname="StringTasksSpec" time="0.0"/>
  <testcase name="4: is mixed case test [input: null, expectedResult: false, #0]" classname="StringTasksSpec" time="0.002"/>
  <testcase name="4: is mixed case test [input: , expectedResult: false, #1]" classname="StringTasksSpec" time="0.001"/>
  <testcase name="4: is mixed case test [input:  , expectedResult: false, #2]" classname="StringTasksSpec" time="0.0"/>
  <testcase name="4: is mixed case test [input: 123, expectedResult: false, #3]" classname="StringTasksSpec" time="0.001"/>
  <testcase name="4: is mixed case test [input: HelloWorld, expectedResult: false, #4]" classname="StringTasksSpec" time="0.001"/>
  <testcase name="4: is mixed case test [input: hello world, expectedResult: false, #5]" classname="StringTasksSpec" time="0.001"/>
  <testcase name="4: is mixed case test [input: helloworld, expectedResult: false, #6]" classname="StringTasksSpec" time="0.0"/>
  <testcase name="4: is mixed case test [input: HELLOWORLD, expectedResult: false, #7]" classname="StringTasksSpec" time="0.0"/>
  <testcase name="4: is mixed case test [input: Helloworld, expectedResult: false, #8]" classname="StringTasksSpec" time="0.0"/>
  <testcase name="4: is mixed case test [input: HeLlOwOrLd, expectedResult: true, #9]" classname="StringTasksSpec" time="0.0"/>
  <testcase name="5: is palindrome [input: null, expectedResult: false, #0]" classname="StringTasksSpec" time="0.002"/>
  <testcase name="5: is palindrome [input: , expectedResult: false, #1]" classname="StringTasksSpec" time="0.001"/>
  <testcase name="5: is palindrome [input: A nut for a jar of tuna, expectedResult: true, #2]" classname="StringTasksSpec" time="0.001"/>
  <testcase name="5: is palindrome [input: Stressed desserts, expectedResult: true, #3]" classname="StringTasksSpec" time="0.0"/>
  <testcase name="5: is palindrome [input: Madam, in Eden, Im Adam., expectedResult: true, #4]" classname="StringTasksSpec" time="0.0"/>
  <testcase name="5: is palindrome [input: Hello world!, expectedResult: false, #5]" classname="StringTasksSpec" time="0.0"/>
  <testcase name="5: is palindrome [input: Good morning, expectedResult: false, #6]" classname="StringTasksSpec" time="0.0"/>
  <testcase name="6: is strict palindrome [input: null, expectedResult: false, isStrict: true, #0]" classname="StringTasksSpec" time="0.002"/>
  <testcase name="6: is strict palindrome [input: null, expectedResult: false, isStrict: false, #1]" classname="StringTasksSpec" time="0.0"/>
  <testcase name="6: is strict palindrome [input: , expectedResult: false, isStrict: true, #2]" classname="StringTasksSpec" time="0.0"/>
  <testcase name="6: is strict palindrome [input: , expectedResult: false, isStrict: false, #3]" classname="StringTasksSpec" time="0.0"/>
  <testcase name="6: is strict palindrome [input: A nut for a jar of tuna, expectedResult: true, isStrict: false, #4]" classname="StringTasksSpec" time="0.0"/>
  <testcase name="6: is strict palindrome [input: A nut for a jar of tuna, expectedResult: false, isStrict: true, #5]" classname="StringTasksSpec" time="0.001"/>
  <testcase name="6: is strict palindrome [input: a nut for a jar of tuna, expectedResult: true, isStrict: true, #6]" classname="StringTasksSpec" time="0.0"/>
  <testcase name="6: is strict palindrome [input: Good morning, expectedResult: false, isStrict: true, #7]" classname="StringTasksSpec" time="0.001"/>
  <testcase name="6: is strict palindrome [input: Good morning, expectedResult: false, isStrict: false, #8]" classname="StringTasksSpec" time="0.001"/>
  <testcase name="7: is all characters paired [input: null, expectedResult: false, #0]" classname="StringTasksSpec" time="0.001"/>
  <testcase name="7: is all characters paired [input: , expectedResult: false, #1]" classname="StringTasksSpec" time="0.0"/>
  <testcase name="7: is all characters paired [input: aaBBccDD55**, expectedResult: true, #2]" classname="StringTasksSpec" time="0.0"/>
  <testcase name="7: is all characters paired [input: **, expectedResult: true, #3]" classname="StringTasksSpec" time="0.0"/>
  <testcase name="7: is all characters paired [input: aaBBcC**hF, expectedResult: false, #4]" classname="StringTasksSpec" time="0.001"/>
  <testcase name="8: replace binary numbers test [input: null, expectedResult: null, #0]" classname="StringTasksSpec" time="0.002"/>
  <testcase name="8: replace binary numbers test [input: , expectedResult: , #1]" classname="StringTasksSpec" time="0.005"/>
  <testcase name="8: replace binary numbers test [input: 23, expectedResult: 23, #2]" classname="StringTasksSpec" time="0.032"/>
  <testcase name="8: replace binary numbers test [input: 1, expectedResult: 0, #3]" classname="StringTasksSpec" time="0.0"/>
  <testcase name="8: replace binary numbers test [input: 0, expectedResult: 1, #4]" classname="StringTasksSpec" time="0.0"/>
  <testcase name="8: replace binary numbers test [input: 1011, expectedResult: 0100, #5]" classname="StringTasksSpec" time="0.0"/>
  <testcase name="8: replace binary numbers test [input: abc01xyz000111, expectedResult: abc10xyz111000, #6]" classname="StringTasksSpec" time="0.0"/>
  <testcase name="9: replace test [input: hello world, from: o, to: a, expectedResult: hella warld, #0]" classname="StringTasksSpec" time="0.006"/>
  <testcase name="9: replace test [input: do homework well, from: e, to: l, expectedResult: do homlwork wlll, #1]" classname="StringTasksSpec" time="0.001"/>
  <testcase name="9: replace test [input: , from: o, to: a, expectedResult: , #2]" classname="StringTasksSpec" time="0.0"/>
  <testcase name="9: replace test [input: 1 2 3 4 5 6, from:  , to: -, expectedResult: 1-2-3-4-5-6, #3]" classname="StringTasksSpec" time="0.0"/>
  <testcase name="9: replace test [input: 1 2 3 4 5 6, from: -, to: _, expectedResult: 1 2 3 4 5 6, #4]" classname="StringTasksSpec" time="0.0"/>
  <testcase name="9: replace test [input: null, from: -, to: ., expectedResult: null, #5]" classname="StringTasksSpec" time="0.001"/>
  <testcase name="10: dragon curve test [n: 0, expectedResult: R, #0]" classname="StringTasksSpec" time="0.002"/>
  <testcase name="10: dragon curve test [n: 1, expectedResult: RRL, #1]" classname="StringTasksSpec" time="0.008"/>
  <testcase name="10: dragon curve test [n: 2, expectedResult: RRLRRLL, #2]" classname="StringTasksSpec" time="0.0"/>
  <testcase name="10: dragon curve test [n: 3, expectedResult: RRLRRLLRRRLLRLL, #3]" classname="StringTasksSpec" time="0.0"/>
  <testcase name="10: dragon curve test [n: 13, expectedResult: RRLRRLLRRRLLRLLRRRLRRLLLRRLLRLLRRRLRRLLRRRLLRLLLRRLRRLLLRRLLRLLRRRLRRLLRRRLLRLLRRRLRRLLLRRLLRLLLRRLRRLLRRRLLRLLLRRLRRLLLRRLLRLLRRRLRRLLRRRLLRLLRRRLRRLLLRRLLRLLRRRLRRLLRRRLLRLLLRRLRRLLLRRLLRLLLRRLRRLLRRRLLRLLRRRLRRLLLRRLLRLLLRRLRRLLRRRLLRLLLRRLRRLLLRRLLRLLRRRLRRLLRRRLLRLLRRRLRRLLLRRLLRLLRRRLRRLLRRRLLRLLLRRLRRLLLRRLLRLLRRRLRRLLRRRLLRLLRRRLRRLLLRRLLRLLLRRLRRLLRRRLLRLLLRRLRRLLLRRLLRLLLRRLRRLLRRRLLRLLRRRLRRLLLRRLLRLLRRRLRRLLRRRLLRLLLRRLRRLLLRRLLRLLLRRLRRLLRRRLLRLLRRRLRRLLLRRLLRLLLRRLRRLLRRRLLRLLLRRLRRLLLRRLLRLLRRRLRRLLRRRLLRLLRRRLRRLLLRRLLRLLRRRLRRLLRRRLLRLLLRRLRRLLLRRLLRLLRRRLRRLLRRRLLRLLRRRLRRLLLRRLLRLLLRRLRRLLRRRLLRLLLRRLRRLLLRRLLRLLRRRLRRLLRRRLLRLLRRRLRRLLLRRLLRLLRRRLRRLLRRRLLRLLLRRLRRLLLRRLLRLLLRRLRRLLRRRLLRLLRRRLRRLLLRRLLRLLLRRLRRLLRRRLLRLLLRRLRRLLLRRLLRLLLRRLRRLLRRRLLRLLRRRLRRLLLRRLLRLLRRRLRRLLRRRLLRLLLRRLRRLLLRRLLRLLRRRLRRLLRRRLLRLLRRRLRRLLLRRLLRLLLRRLRRLLRRRLLRLLLRRLRRLLLRRLLRLLLRRLRRLLRRRLLRLLRRRLRRLLLRRLLRLLRRRLRRLLRRRLLRLLLRRLRRLLLRRLLRLLLRRLRRLLRRRLLRLLRRRLRRLLLRRLLRLLLRRLRRLLRRRLLRLLLRRLRRLLLRRLLRLLRRRLRRLLRRRLLRLLRRRLRRLLLRRLLRLLRRRLRRLLRRRLLRLLLRRLRRLLLRRLLRLLRRRLRRLLRRRLLRLLRRRLRRLLLRRLLRLLLRRLRRLLRRRLLRLLLRRLRRLLLRRLLRLLRRRLRRLLRRRLLRLLRRRLRRLLLRRLLRLLRRRLRRLLRRRLLRLLLRRLRRLLLRRLLRLLLRRLRRLLRRRLLRLLRRRLRRLLLRRLLRLLLRRLRRLLRRRLLRLLLRRLRRLLLRRLLRLLRRRLRRLLRRRLLRLLRRRLRRLLLRRLLRLLRRRLRRLLRRRLLRLLLRRLRRLLLRRLLRLLRRRLRRLLRRRLLRLLRRRLRRLLLRRLLRLLLRRLRRLLRRRLLRLLLRRLRRLLLRRLLRLLLRRLRRLLRRRLLRLLRRRLRRLLLRRLLRLLRRRLRRLLRRRLLRLLLRRLRRLLLRRLLRLLLRRLRRLLRRRLLRLLRRRLRRLLLRRLLRLLLRRLRRLLRRRLLRLLLRRLRRLLLRRLLRLLLRRLRRLLRRRLLRLLRRRLRRLLLRRLLRLLRRRLRRLLRRRLLRLLLRRLRRLLLRRLLRLLRRRLRRLLRRRLLRLLRRRLRRLLLRRLLRLLLRRLRRLLRRRLLRLLLRRLRRLLLRRLLRLLRRRLRRLLRRRLLRLLRRRLRRLLLRRLLRLLRRRLRRLLRRRLLRLLLRRLRRLLLRRLLRLLLRRLRRLLRRRLLRLLRRRLRRLLLRRLLRLLLRRLRRLLRRRLLRLLLRRLRRLLLRRLLRLLLRRLRRLLRRRLLRLLRRRLRRLLLRRLLRLLRRRLRRLLRRRLLRLLLRRLRRLLLRRLLRLLRRRLRRLLRRRLLRLLRRRLRRLLLRRLLRLLLRRLRRLLRRRLLRLLLRRLRRLLLRRLLRLLLRRLRRLLRRRLLRLLRRRLRRLLLRRLLRLLRRRLRRLLRRRLLRLLLRRLRRLLLRRLLRLLLRRLRRLLRRRLLRLLRRRLRRLLLRRLLRLLLRRLRRLLRRRLLRLLLRRLRRLLLRRLLRLLRRRLRRLLRRRLLRLLRRRLRRLLLRRLLRLLRRRLRRLLRRRLLRLLLRRLRRLLLRRLLRLLRRRLRRLLRRRLLRLLRRRLRRLLLRRLLRLLLRRLRRLLRRRLLRLLLRRLRRLLLRRLLRLLRRRLRRLLRRRLLRLLRRRLRRLLLRRLLRLLRRRLRRLLRRRLLRLLLRRLRRLLLRRLLRLLLRRLRRLLRRRLLRLLRRRLRRLLLRRLLRLLLRRLRRLLRRRLLRLLLRRLRRLLLRRLLRLLRRRLRRLLRRRLLRLLRRRLRRLLLRRLLRLLRRRLRRLLRRRLLRLLLRRLRRLLLRRLLRLLRRRLRRLLRRRLLRLLRRRLRRLLLRRLLRLLLRRLRRLLRRRLLRLLLRRLRRLLLRRLLRLLLRRLRRLLRRRLLRLLRRRLRRLLLRRLLRLLRRRLRRLLRRRLLRLLLRRLRRLLLRRLLRLLLRRLRRLLRRRLLRLLRRRLRRLLLRRLLRLLLRRLRRLLRRRLLRLLLRRLRRLLLRRLLRLLRRRLRRLLRRRLLRLLRRRLRRLLLRRLLRLLRRRLRRLLRRRLLRLLLRRLRRLLLRRLLRLLRRRLRRLLRRRLLRLLRRRLRRLLLRRLLRLLLRRLRRLLRRRLLRLLLRRLRRLLLRRLLRLLRRRLRRLLRRRLLRLLRRRLRRLLLRRLLRLLRRRLRRLLRRRLLRLLLRRLRRLLLRRLLRLLLRRLRRLLRRRLLRLLRRRLRRLLLRRLLRLLLRRLRRLLRRRLLRLLLRRLRRLLLRRLLRLLLRRLRRLLRRRLLRLLRRRLRRLLLRRLLRLLRRRLRRLLRRRLLRLLLRRLRRLLLRRLLRLLRRRLRRLLRRRLLRLLRRRLRRLLLRRLLRLLLRRLRRLLRRRLLRLLLRRLRRLLLRRLLRLLLRRLRRLLRRRLLRLLRRRLRRLLLRRLLRLLRRRLRRLLRRRLLRLLLRRLRRLLLRRLLRLLLRRLRRLLRRRLLRLLRRRLRRLLLRRLLRLLLRRLRRLLRRRLLRLLLRRLRRLLLRRLLRLLLRRLRRLLRRRLLRLLRRRLRRLLLRRLLRLLRRRLRRLLRRRLLRLLLRRLRRLLLRRLLRLLRRRLRRLLRRRLLRLLRRRLRRLLLRRLLRLLLRRLRRLLRRRLLRLLLRRLRRLLLRRLLRLLRRRLRRLLRRRLLRLLRRRLRRLLLRRLLRLLRRRLRRLLRRRLLRLLLRRLRRLLLRRLLRLLLRRLRRLLRRRLLRLLRRRLRRLLLRRLLRLLLRRLRRLLRRRLLRLLLRRLRRLLLRRLLRLLRRRLRRLLRRRLLRLLRRRLRRLLLRRLLRLLRRRLRRLLRRRLLRLLLRRLRRLLLRRLLRLLRRRLRRLLRRRLLRLLRRRLRRLLLRRLLRLLLRRLRRLLRRRLLRLLLRRLRRLLLRRLLRLLLRRLRRLLRRRLLRLLRRRLRRLLLRRLLRLLRRRLRRLLRRRLLRLLLRRLRRLLLRRLLRLLLRRLRRLLRRRLLRLLRRRLRRLLLRRLLRLLLRRLRRLLRRRLLRLLLRRLRRLLLRRLLRLLLRRLRRLLRRRLLRLLRRRLRRLLLRRLLRLLRRRLRRLLRRRLLRLLLRRLRRLLLRRLLRLLRRRLRRLLRRRLLRLLRRRLRRLLLRRLLRLLLRRLRRLLRRRLLRLLLRRLRRLLLRRLLRLLRRRLRRLLRRRLLRLLRRRLRRLLLRRLLRLLRRRLRRLLRRRLLRLLLRRLRRLLLRRLLRLLLRRLRRLLRRRLLRLLRRRLRRLLLRRLLRLLLRRLRRLLRRRLLRLLLRRLRRLLLRRLLRLLLRRLRRLLRRRLLRLLRRRLRRLLLRRLLRLLRRRLRRLLRRRLLRLLLRRLRRLLLRRLLRLLRRRLRRLLRRRLLRLLRRRLRRLLLRRLLRLLLRRLRRLLRRRLLRLLLRRLRRLLLRRLLRLLLRRLRRLLRRRLLRLLRRRLRRLLLRRLLRLLRRRLRRLLRRRLLRLLLRRLRRLLLRRLLRLLLRRLRRLLRRRLLRLLRRRLRRLLLRRLLRLLLRRLRRLLRRRLLRLLLRRLRRLLLRRLLRLLRRRLRRLLRRRLLRLLRRRLRRLLLRRLLRLLRRRLRRLLRRRLLRLLLRRLRRLLLRRLLRLLRRRLRRLLRRRLLRLLRRRLRRLLLRRLLRLLLRRLRRLLRRRLLRLLLRRLRRLLLRRLLRLLRRRLRRLLRRRLLRLLRRRLRRLLLRRLLRLLRRRLRRLLRRRLLRLLLRRLRRLLLRRLLRLLLRRLRRLLRRRLLRLLRRRLRRLLLRRLLRLLLRRLRRLLRRRLLRLLLRRLRRLLLRRLLRLLRRRLRRLLRRRLLRLLRRRLRRLLLRRLLRLLRRRLRRLLRRRLLRLLLRRLRRLLLRRLLRLLRRRLRRLLRRRLLRLLRRRLRRLLLRRLLRLLLRRLRRLLRRRLLRLLLRRLRRLLLRRLLRLLLRRLRRLLRRRLLRLLRRRLRRLLLRRLLRLLRRRLRRLLRRRLLRLLLRRLRRLLLRRLLRLLLRRLRRLLRRRLLRLLRRRLRRLLLRRLLRLLLRRLRRLLRRRLLRLLLRRLRRLLLRRLLRLLRRRLRRLLRRRLLRLLRRRLRRLLLRRLLRLLRRRLRRLLRRRLLRLLLRRLRRLLLRRLLRLLRRRLRRLLRRRLLRLLRRRLRRLLLRRLLRLLLRRLRRLLRRRLLRLLLRRLRRLLLRRLLRLLRRRLRRLLRRRLLRLLRRRLRRLLLRRLLRLLRRRLRRLLRRRLLRLLLRRLRRLLLRRLLRLLLRRLRRLLRRRLLRLLRRRLRRLLLRRLLRLLLRRLRRLLRRRLLRLLLRRLRRLLLRRLLRLLLRRLRRLLRRRLLRLLRRRLRRLLLRRLLRLLRRRLRRLLRRRLLRLLLRRLRRLLLRRLLRLLRRRLRRLLRRRLLRLLRRRLRRLLLRRLLRLLLRRLRRLLRRRLLRLLLRRLRRLLLRRLLRLLLRRLRRLLRRRLLRLLRRRLRRLLLRRLLRLLRRRLRRLLRRRLLRLLLRRLRRLLLRRLLRLLLRRLRRLLRRRLLRLLRRRLRRLLLRRLLRLLLRRLRRLLRRRLLRLLLRRLRRLLLRRLLRLLRRRLRRLLRRRLLRLLRRRLRRLLLRRLLRLLRRRLRRLLRRRLLRLLLRRLRRLLLRRLLRLLRRRLRRLLRRRLLRLLRRRLRRLLLRRLLRLLLRRLRRLLRRRLLRLLLRRLRRLLLRRLLRLLRRRLRRLLRRRLLRLLRRRLRRLLLRRLLRLLRRRLRRLLRRRLLRLLLRRLRRLLLRRLLRLLLRRLRRLLRRRLLRLLRRRLRRLLLRRLLRLLLRRLRRLLRRRLLRLLLRRLRRLLLRRLLRLLRRRLRRLLRRRLLRLLRRRLRRLLLRRLLRLLRRRLRRLLRRRLLRLLLRRLRRLLLRRLLRLLRRRLRRLLRRRLLRLLRRRLRRLLLRRLLRLLLRRLRRLLRRRLLRLLLRRLRRLLLRRLLRLLLRRLRRLLRRRLLRLLRRRLRRLLLRRLLRLLRRRLRRLLRRRLLRLLLRRLRRLLLRRLLRLLLRRLRRLLRRRLLRLLRRRLRRLLLRRLLRLLLRRLRRLLRRRLLRLLLRRLRRLLLRRLLRLLLRRLRRLLRRRLLRLLRRRLRRLLLRRLLRLLRRRLRRLLRRRLLRLLLRRLRRLLLRRLLRLLRRRLRRLLRRRLLRLLRRRLRRLLLRRLLRLLLRRLRRLLRRRLLRLLLRRLRRLLLRRLLRLLRRRLRRLLRRRLLRLLRRRLRRLLLRRLLRLLRRRLRRLLRRRLLRLLLRRLRRLLLRRLLRLLLRRLRRLLRRRLLRLLRRRLRRLLLRRLLRLLLRRLRRLLRRRLLRLLLRRLRRLLLRRLLRLLLRRLRRLLRRRLLRLLRRRLRRLLLRRLLRLLRRRLRRLLRRRLLRLLLRRLRRLLLRRLLRLLRRRLRRLLRRRLLRLLRRRLRRLLLRRLLRLLLRRLRRLLRRRLLRLLLRRLRRLLLRRLLRLLLRRLRRLLRRRLLRLLRRRLRRLLLRRLLRLLRRRLRRLLRRRLLRLLLRRLRRLLLRRLLRLLLRRLRRLLRRRLLRLLRRRLRRLLLRRLLRLLLRRLRRLLRRRLLRLLLRRLRRLLLRRLLRLLLRRLRRLLRRRLLRLLRRRLRRLLLRRLLRLLRRRLRRLLRRRLLRLLLRRLRRLLLRRLLRLLRRRLRRLLRRRLLRLLRRRLRRLLLRRLLRLLLRRLRRLLRRRLLRLLLRRLRRLLLRRLLRLLRRRLRRLLRRRLLRLLRRRLRRLLLRRLLRLLRRRLRRLLRRRLLRLLLRRLRRLLLRRLLRLLLRRLRRLLRRRLLRLLRRRLRRLLLRRLLRLLLRRLRRLLRRRLLRLLLRRLRRLLLRRLLRLLRRRLRRLLRRRLLRLLRRRLRRLLLRRLLRLLRRRLRRLLRRRLLRLLLRRLRRLLLRRLLRLLRRRLRRLLRRRLLRLLRRRLRRLLLRRLLRLLLRRLRRLLRRRLLRLLLRRLRRLLLRRLLRLLLRRLRRLLRRRLLRLLRRRLRRLLLRRLLRLLRRRLRRLLRRRLLRLLLRRLRRLLLRRLLRLLLRRLRRLLRRRLLRLLRRRLRRLLLRRLLRLLLRRLRRLLRRRLLRLLLRRLRRLLLRRLLRLLRRRLRRLLRRRLLRLLRRRLRRLLLRRLLRLLRRRLRRLLRRRLLRLLLRRLRRLLLRRLLRLLRRRLRRLLRRRLLRLLRRRLRRLLLRRLLRLLLRRLRRLLRRRLLRLLLRRLRRLLLRRLLRLLRRRLRRLLRRRLLRLLRRRLRRLLLRRLLRLLRRRLRRLLRRRLLRLLLRRLRRLLLRRLLRLLLRRLRRLLRRRLLRLLRRRLRRLLLRRLLRLLLRRLRRLLRRRLLRLLLRRLRRLLLRRLLRLLLRRLRRLLRRRLLRLLRRRLRRLLLRRLLRLLRRRLRRLLRRRLLRLLLRRLRRLLLRRLLRLLRRRLRRLLRRRLLRLLRRRLRRLLLRRLLRLLLRRLRRLLRRRLLRLLLRRLRRLLLRRLLRLLLRRLRRLLRRRLLRLLRRRLRRLLLRRLLRLLRRRLRRLLRRRLLRLLLRRLRRLLLRRLLRLLLRRLRRLLRRRLLRLLRRRLRRLLLRRLLRLLLRRLRRLLRRRLLRLLLRRLRRLLLRRLLRLLLRRLRRLLRRRLLRLLRRRLRRLLLRRLLRLLRRRLRRLLRRRLLRLLLRRLRRLLLRRLLRLLRRRLRRLLRRRLLRLLRRRLRRLLLRRLLRLLLRRLRRLLRRRLLRLLLRRLRRLLLRRLLRLLRRRLRRLLRRRLLRLLRRRLRRLLLRRLLRLLRRRLRRLLRRRLLRLLLRRLRRLLLRRLLRLLLRRLRRLLRRRLLRLLRRRLRRLLLRRLLRLLLRRLRRLLRRRLLRLLLRRLRRLLLRRLLRLLRRRLRRLLRRRLLRLLRRRLRRLLLRRLLRLLRRRLRRLLRRRLLRLLLRRLRRLLLRRLLRLLRRRLRRLLRRRLLRLLRRRLRRLLLRRLLRLLLRRLRRLLRRRLLRLLLRRLRRLLLRRLLRLLLRRLRRLLRRRLLRLLRRRLRRLLLRRLLRLLRRRLRRLLRRRLLRLLLRRLRRLLLRRLLRLLLRRLRRLLRRRLLRLLRRRLRRLLLRRLLRLLLRRLRRLLRRRLLRLLLRRLRRLLLRRLLRLLLRRLRRLLRRRLLRLLRRRLRRLLLRRLLRLLRRRLRRLLRRRLLRLLLRRLRRLLLRRLLRLLRRRLRRLLRRRLLRLLRRRLRRLLLRRLLRLLLRRLRRLLRRRLLRLLLRRLRRLLLRRLLRLLRRRLRRLLRRRLLRLLRRRLRRLLLRRLLRLLRRRLRRLLRRRLLRLLLRRLRRLLLRRLLRLLLRRLRRLLRRRLLRLLRRRLRRLLLRRLLRLLLRRLRRLLRRRLLRLLLRRLRRLLLRRLLRLLLRRLRRLLRRRLLRLLRRRLRRLLLRRLLRLLRRRLRRLLRRRLLRLLLRRLRRLLLRRLLRLLRRRLRRLLRRRLLRLLRRRLRRLLLRRLLRLLLRRLRRLLRRRLLRLLLRRLRRLLLRRLLRLLLRRLRRLLRRRLLRLLRRRLRRLLLRRLLRLLRRRLRRLLRRRLLRLLLRRLRRLLLRRLLRLLLRRLRRLLRRRLLRLLRRRLRRLLLRRLLRLLLRRLRRLLRRRLLRLLLRRLRRLLLRRLLRLLRRRLRRLLRRRLLRLLRRRLRRLLLRRLLRLLRRRLRRLLRRRLLRLLLRRLRRLLLRRLLRLLRRRLRRLLRRRLLRLLRRRLRRLLLRRLLRLLLRRLRRLLRRRLLRLLLRRLRRLLLRRLLRLLRRRLRRLLRRRLLRLLRRRLRRLLLRRLLRLLRRRLRRLLRRRLLRLLLRRLRRLLLRRLLRLLLRRLRRLLRRRLLRLLRRRLRRLLLRRLLRLLLRRLRRLLRRRLLRLLLRRLRRLLLRRLLRLLRRRLRRLLRRRLLRLLRRRLRRLLLRRLLRLLRRRLRRLLRRRLLRLLLRRLRRLLLRRLLRLLRRRLRRLLRRRLLRLLRRRLRRLLLRRLLRLLLRRLRRLLRRRLLRLLLRRLRRLLLRRLLRLLLRRLRRLLRRRLLRLLRRRLRRLLLRRLLRLLRRRLRRLLRRRLLRLLLRRLRRLLLRRLLRLLLRRLRRLLRRRLLRLLRRRLRRLLLRRLLRLLLRRLRRLLRRRLLRLLLRRLRRLLLRRLLRLLRRRLRRLLRRRLLRLLRRRLRRLLLRRLLRLLRRRLRRLLRRRLLRLLLRRLRRLLLRRLLRLLRRRLRRLLRRRLLRLLRRRLRRLLLRRLLRLLLRRLRRLLRRRLLRLLLRRLRRLLLRRLLRLLRRRLRRLLRRRLLRLLRRRLRRLLLRRLLRLLRRRLRRLLRRRLLRLLLRRLRRLLLRRLLRLLLRRLRRLLRRRLLRLLRRRLRRLLLRRLLRLLLRRLRRLLRRRLLRLLLRRLRRLLLRRLLRLLLRRLRRLLRRRLLRLLRRRLRRLLLRRLLRLLRRRLRRLLRRRLLRLLLRRLRRLLLRRLLRLLRRRLRRLLRRRLLRLLRRRLRRLLLRRLLRLLLRRLRRLLRRRLLRLLLRRLRRLLLRRLLRLLLRRLRRLLRRRLLRLLRRRLRRLLLRRLLRLLRRRLRRLLRRRLLRLLLRRLRRLLLRRLLRLLLRRLRRLLRRRLLRLLRRRLRRLLLRRLLRLLLRRLRRLLRRRLLRLLLRRLRRLLLRRLLRLLRRRLRRLLRRRLLRLLRRRLRRLLLRRLLRLLRRRLRRLLRRRLLRLLLRRLRRLLLRRLLRLLRRRLRRLLRRRLLRLLRRRLRRLLLRRLLRLLLRRLRRLLRRRLLRLLLRRLRRLLLRRLLRLLRRRLRRLLRRRLLRLLRRRLRRLLLRRLLRLLRRRLRRLLRRRLLRLLLRRLRRLLLRRLLRLLLRRLRRLLRRRLLRLLRRRLRRLLLRRLLRLLLRRLRRLLRRRLLRLLLRRLRRLLLRRLLRLLRRRLRRLLRRRLLRLLRRRLRRLLLRRLLRLLRRRLRRLLRRRLLRLLLRRLRRLLLRRLLRLLRRRLRRLLRRRLLRLLRRRLRRLLLRRLLRLLLRRLRRLLRRRLLRLLLRRLRRLLLRRLLRLLLRRLRRLLRRRLLRLLRRRLRRLLLRRLLRLLRRRLRRLLRRRLLRLLLRRLRRLLLRRLLRLLLRRLRRLLRRRLLRLLRRRLRRLLLRRLLRLLLRRLRRLLRRRLLRLLLRRLRRLLLRRLLRLLLRRLRRLLRRRLLRLLRRRLRRLLLRRLLRLLRRRLRRLLRRRLLRLLLRRLRRLLLRRLLRLLRRRLRRLLRRRLLRLLRRRLRRLLLRRLLRLLLRRLRRLLRRRLLRLLLRRLRRLLLRRLLRLLRRRLRRLLRRRLLRLLRRRLRRLLLRRLLRLLRRRLRRLLRRRLLRLLLRRLRRLLLRRLLRLLLRRLRRLLRRRLLRLLRRRLRRLLLRRLLRLLLRRLRRLLRRRLLRLLLRRLRRLLLRRLLRLLLRRLRRLLRRRLLRLLRRRLRRLLLRRLLRLLRRRLRRLLRRRLLRLLLRRLRRLLLRRLLRLLRRRLRRLLRRRLLRLLRRRLRRLLLRRLLRLLLRRLRRLLRRRLLRLLLRRLRRLLLRRLLRLLLRRLRRLLRRRLLRLLRRRLRRLLLRRLLRLLRRRLRRLLRRRLLRLLLRRLRRLLLRRLLRLLLRRLRRLLRRRLLRLLRRRLRRLLLRRLLRLLLRRLRRLLRRRLLRLLLRRLRRLLLRRLLRLLRRRLRRLLRRRLLRLLRRRLRRLLLRRLLRLLRRRLRRLLRRRLLRLLLRRLRRLLLRRLLRLLRRRLRRLLRRRLLRLLRRRLRRLLLRRLLRLLLRRLRRLLRRRLLRLLLRRLRRLLLRRLLRLLRRRLRRLLRRRLLRLLRRRLRRLLLRRLLRLLRRRLRRLLRRRLLRLLLRRLRRLLLRRLLRLLLRRLRRLLRRRLLRLLRRRLRRLLLRRLLRLLLRRLRRLLRRRLLRLLLRRLRRLLLRRLLRLLRRRLRRLLRRRLLRLLRRRLRRLLLRRLLRLLRRRLRRLLRRRLLRLLLRRLRRLLLRRLLRLLRRRLRRLLRRRLLRLLRRRLRRLLLRRLLRLLLRRLRRLLRRRLLRLLLRRLRRLLLRRLLRLLLRRLRRLLRRRLLRLLRRRLRRLLLRRLLRLLRRRLRRLLRRRLLRLLLRRLRRLLLRRLLRLLLRRLRRLLRRRLLRLLRRRLRRLLLRRLLRLLLRRLRRLLRRRLLRLLLRRLRRLLLRRLLRLLRRRLRRLLRRRLLRLLRRRLRRLLLRRLLRLLRRRLRRLLRRRLLRLLLRRLRRLLLRRLLRLLRRRLRRLLRRRLLRLLRRRLRRLLLRRLLRLLLRRLRRLLRRRLLRLLLRRLRRLLLRRLLRLLRRRLRRLLRRRLLRLLRRRLRRLLLRRLLRLLRRRLRRLLRRRLLRLLLRRLRRLLLRRLLRLLLRRLRRLLRRRLLRLLRRRLRRLLLRRLLRLLLRRLRRLLRRRLLRLLLRRLRRLLLRRLLRLLLRRLRRLLRRRLLRLLRRRLRRLLLRRLLRLLRRRLRRLLRRRLLRLLLRRLRRLLLRRLLRLLRRRLRRLLRRRLLRLLRRRLRRLLLRRLLRLLLRRLRRLLRRRLLRLLLRRLRRLLLRRLLRLLLRRLRRLLRRRLLRLLRRRLRRLLLRRLLRLLRRRLRRLLRRRLLRLLLRRLRRLLLRRLLRLLLRRLRRLLRRRLLRLLRRRLRRLLLRRLLRLLLRRLRRLLRRRLLRLLLRRLRRLLLRRLLRLLLRRLRRLLRRRLLRLLRRRLRRLLLRRLLRLLRRRLRRLLRRRLLRLLLRRLRRLLLRRLLRLLRRRLRRLLRRRLLRLLRRRLRRLLLRRLLRLLLRRLRRLLRRRLLRLLLRRLRRLLLRRLLRLLRRRLRRLLRRRLLRLLRRRLRRLLLRRLLRLLRRRLRRLLRRRLLRLLLRRLRRLLLRRLLRLLLRRLRRLLRRRLLRLLRRRLRRLLLRRLLRLLLRRLRRLLRRRLLRLLLRRLRRLLLRRLLRLLRRRLRRLLRRRLLRLLRRRLRRLLLRRLLRLLRRRLRRLLRRRLLRLLLRRLRRLLLRRLLRLLRRRLRRLLRRRLLRLLRRRLRRLLLRRLLRLLLRRLRRLLRRRLLRLLLRRLRRLLLRRLLRLLLRRLRRLLRRRLLRLLRRRLRRLLLRRLLRLLRRRLRRLLRRRLLRLLLRRLRRLLLRRLLRLLLRRLRRLLRRRLLRLLRRRLRRLLLRRLLRLLLRRLRRLLRRRLLRLLLRRLRRLLLRRLLRLLLRRLRRLLRRRLLRLLRRRLRRLLLRRLLRLLRRRLRRLLRRRLLRLLLRRLRRLLLRRLLRLLRRRLRRLLRRRLLRLLRRRLRRLLLRRLLRLLLRRLRRLLRRRLLRLLLRRLRRLLLRRLLRLLRRRLRRLLRRRLLRLLRRRLRRLLLRRLLRLLRRRLRRLLRRRLLRLLLRRLRRLLLRRLLRLLLRRLRRLLRRRLLRLLRRRLRRLLLRRLLRLLLRRLRRLLRRRLLRLLLRRLRRLLLRRLLRLLLRRLRRLLRRRLLRLLRRRLRRLLLRRLLRLLRRRLRRLLRRRLLRLLLRRLRRLLLRRLLRLLRRRLRRLLRRRLLRLLRRRLRRLLLRRLLRLLLRRLRRLLRRRLLRLLLRRLRRLLLRRLLRLLLRRLRRLLRRRLLRLLRRRLRRLLLRRLLRLLRRRLRRLLRRRLLRLLLRRLRRLLLRRLLRLLLRRLRRLLRRRLLRLLRRRLRRLLLRRLLRLLLRRLRRLLRRRLLRLLLRRLRRLLLRRLLRLLLRRLRRLLRRRLLRLLRRRLRRLLLRRLLRLLRRRLRRLLRRRLLRLLLRRLRRLLLRRLLRLLRRRLRRLLRRRLLRLLRRRLRRLLLRRLLRLLLRRLRRLLRRRLLRLLLRRLRRLLLRRLLRLLRRRLRRLLRRRLLRLLRRRLRRLLLRRLLRLLRRRLRRLLRRRLLRLLLRRLRRLLLRRLLRLLLRRLRRLLRRRLLRLLRRRLRRLLLRRLLRLLLRRLRRLLRRRLLRLLLRRLRRLLLRRLLRLLRRRLRRLLRRRLLRLLRRRLRRLLLRRLLRLLRRRLRRLLRRRLLRLLLRRLRRLLLRRLLRLLRRRLRRLLRRRLLRLLRRRLRRLLLRRLLRLLLRRLRRLLRRRLLRLLLRRLRRLLLRRLLRLLLRRLRRLLRRRLLRLLRRRLRRLLLRRLLRLLRRRLRRLLRRRLLRLLLRRLRRLLLRRLLRLLLRRLRRLLRRRLLRLLRRRLRRLLLRRLLRLLLRRLRRLLRRRLLRLLLRRLRRLLLRRLLRLLRRRLRRLLRRRLLRLLRRRLRRLLLRRLLRLLRRRLRRLLRRRLLRLLLRRLRRLLLRRLLRLLRRRLRRLLRRRLLRLLRRRLRRLLLRRLLRLLLRRLRRLLRRRLLRLLLRRLRRLLLRRLLRLLRRRLRRLLRRRLLRLLRRRLRRLLLRRLLRLLRRRLRRLLRRRLLRLLLRRLRRLLLRRLLRLLLRRLRRLLRRRLLRLLRRRLRRLLLRRLLRLLLRRLRRLLRRRLLRLLLRRLRRLLLRRLLRLLLRRLRRLLRRRLLRLLRRRLRRLLLRRLLRLLRRRLRRLLRRRLLRLLLRRLRRLLLRRLLRLLRRRLRRLLRRRLLRLLRRRLRRLLLRRLLRLLLRRLRRLLRRRLLRLLLRRLRRLLLRRLLRLLLRRLRRLLRRRLLRLLRRRLRRLLLRRLLRLLRRRLRRLLRRRLLRLLLRRLRRLLLRRLLRLLLRRLRRLLRRRLLRLLRRRLRRLLLRRLLRLLLRRLRRLLRRRLLRLLLRRLRRLLLRRLLRLLRRRLRRLLRRRLLRLLRRRLRRLLLRRLLRLLRRRLRRLLRRRLLRLLLRRLRRLLLRRLLRLLRRRLRRLLRRRLLRLLRRRLRRLLLRRLLRLLLRRLRRLLRRRLLRLLLRRLRRLLLRRLLRLLRRRLRRLLRRRLLRLLRRRLRRLLLRRLLRLLRRRLRRLLRRRLLRLLLRRLRRLLLRRLLRLLLRRLRRLLRRRLLRLLRRRLRRLLLRRLLRLLLRRLRRLLRRRLLRLLLRRLRRLLLRRLLRLLRRRLRRLLRRRLLRLLRRRLRRLLLRRLLRLLRRRLRRLLRRRLLRLLLRRLRRLLLRRLLRLLRRRLRRLLRRRLLRLLRRRLRRLLLRRLLRLLLRRLRRLLRRRLLRLLLRRLRRLLLRRLLRLLLRRLRRLLRRRLLRLLRRRLRRLLLRRLLRLLRRRLRRLLRRRLLRLLLRRLRRLLLRRLLRLLLRRLRRLLRRRLLRLLRRRLRRLLLRRLLRLLLRRLRRLLRRRLLRLLLRRLRRLLLRRLLRLLLRRLRRLLRRRLLRLLRRRLRRLLLRRLLRLLRRRLRRLLRRRLLRLLLRRLRRLLLRRLLRLLRRRLRRLLRRRLLRLLRRRLRRLLLRRLLRLLLRRLRRLLRRRLLRLLLRRLRRLLLRRLLRLLRRRLRRLLRRRLLRLLRRRLRRLLLRRLLRLLRRRLRRLLRRRLLRLLLRRLRRLLLRRLLRLLLRRLRRLLRRRLLRLLRRRLRRLLLRRLLRLLLRRLRRLLRRRLLRLLLRRLRRLLLRRLLRLLLRRLRRLLRRRLLRLLRRRLRRLLLRRLLRLLRRRLRRLLRRRLLRLLLRRLRRLLLRRLLRLLRRRLRRLLRRRLLRLLRRRLRRLLLRRLLRLLLRRLRRLLRRRLLRLLLRRLRRLLLRRLLRLLLRRLRRLLRRRLLRLLRRRLRRLLLRRLLRLLRRRLRRLLRRRLLRLLLRRLRRLLLRRLLRLLLRRLRRLLRRRLLRLLRRRLRRLLLRRLLRLLLRRLRRLLRRRLLRLLLRRLRRLLLRRLLRLLLRRLRRLLRRRLLRLLRRRLRRLLLRRLLRLLRRRLRRLLRRRLLRLLLRRLRRLLLRRLLRLLRRRLRRLLRRRLLRLLRRRLRRLLLRRLLRLLLRRLRRLLRRRLLRLLLRRLRRLLLRRLLRLLRRRLRRLLRRRLLRLLRRRLRRLLLRRLLRLLRRRLRRLLRRRLLRLLLRRLRRLLLRRLLRLLLRRLRRLLRRRLLRLLRRRLRRLLLRRLLRLLLRRLRRLLRRRLLRLLLRRLRRLLLRRLLRLLRRRLRRLLRRRLLRLLRRRLRRLLLRRLLRLLRRRLRRLLRRRLLRLLLRRLRRLLLRRLLRLLRRRLRRLLRRRLLRLLRRRLRRLLLRRLLRLLLRRLRRLLRRRLLRLLLRRLRRLLLRRLLRLLLRRLRRLLRRRLLRLLRRRLRRLLLRRLLRLLRRRLRRLLRRRLLRLLLRRLRRLLLRRLLRLLLRRLRRLLRRRLLRLLRRRLRRLLLRRLLRLLLRRLRRLLRRRLLRLLLRRLRRLLLRRLLRLLRRRLRRLLRRRLLRLLRRRLRRLLLRRLLRLLRRRLRRLLRRRLLRLLLRRLRRLLLRRLLRLLRRRLRRLLRRRLLRLLRRRLRRLLLRRLLRLLLRRLRRLLRRRLLRLLLRRLRRLLLRRLLRLLRRRLRRLLRRRLLRLLRRRLRRLLLRRLLRLLRRRLRRLLRRRLLRLLLRRLRRLLLRRLLRLLLRRLRRLLRRRLLRLLRRRLRRLLLRRLLRLLLRRLRRLLRRRLLRLLLRRLRRLLLRRLLRLLLRRLRRLLRRRLLRLLRRRLRRLLLRRLLRLLRRRLRRLLRRRLLRLLLRRLRRLLLRRLLRLLRRRLRRLLRRRLLRLLRRRLRRLLLRRLLRLLLRRLRRLLRRRLLRLLLRRLRRLLLRRLLRLLLRRLRRLLRRRLLRLLRRRLRRLLLRRLLRLLRRRLRRLLRRRLLRLLLRRLRRLLLRRLLRLLLRRLRRLLRRRLLRLLRRRLRRLLLRRLLRLLLRRLRRLLRRRLLRLLLRRLRRLLLRRLLRLLLRRLRRLLRRRLLRLLRRRLRRLLLRRLLRLLRRRLRRLLRRRLLRLLLRRLRRLLLRRLLRLLRRRLRRLLRRRLLRLLRRRLRRLLLRRLLRLLLRRLRRLLRRRLLRLLLRRLRRLLLRRLLRLLRRRLRRLLRRRLLRLLRRRLRRLLLRRLLRLLRRRLRRLLRRRLLRLLLRRLRRLLLRRLLRLLLRRLRRLLRRRLLRLLRRRLRRLLLRRLLRLLLRRLRRLLRRRLLRLLLRRLRRLLLRRLLRLLRRRLRRLLRRRLLRLLRRRLRRLLLRRLLRLLRRRLRRLLRRRLLRLLLRRLRRLLLRRLLRLLRRRLRRLLRRRLLRLLRRRLRRLLLRRLLRLLLRRLRRLLRRRLLRLLLRRLRRLLLRRLLRLLLRRLRRLLRRRLLRLLRRRLRRLLLRRLLRLLRRRLRRLLRRRLLRLLLRRLRRLLLRRLLRLLLRRLRRLLRRRLLRLLRRRLRRLLLRRLLRLLLRRLRRLLRRRLLRLLLRRLRRLLLRRLLRLLLRRLRRLLRRRLLRLLRRRLRRLLLRRLLRLLRRRLRRLLRRRLLRLLLRRLRRLLLRRLLRLLRRRLRRLLRRRLLRLLRRRLRRLLLRRLLRLLLRRLRRLLRRRLLRLLLRRLRRLLLRRLLRLLRRRLRRLLRRRLLRLLRRRLRRLLLRRLLRLLRRRLRRLLRRRLLRLLLRRLRRLLLRRLLRLLLRRLRRLLRRRLLRLLRRRLRRLLLRRLLRLLLRRLRRLLRRRLLRLLLRRLRRLLLRRLLRLLLRRLRRLLRRRLLRLLRRRLRRLLLRRLLRLLRRRLRRLLRRRLLRLLLRRLRRLLLRRLLRLLRRRLRRLLRRRLLRLLRRRLRRLLLRRLLRLLLRRLRRLLRRRLLRLLLRRLRRLLLRRLLRLLLRRLRRLLRRRLLRLLRRRLRRLLLRRLLRLLRRRLRRLLRRRLLRLLLRRLRRLLLRRLLRLLLRRLRRLLRRRLLRLLRRRLRRLLLRRLLRLLLRRLRRLLRRRLLRLLLRRLRRLLLRRLLRLL, #4]" classname="StringTasksSpec" time="0.006"/>
  <testcase name="11: gray code tests [n: 0, expectedResult: 0, #0]" classname="StringTasksSpec" time="0.002"/>
  <testcase name="11: gray code tests [n: 1, expectedResult: 0 1 0, #1]" classname="StringTasksSpec" time="0.001"/>
  <testcase name="11: gray code tests [n: 2, expectedResult: 0 1 0 2 0 1 0, #2]" classname="StringTasksSpec" time="0.0"/>
  <testcase name="11: gray code tests [n: 3, expectedResult: 0 1 0 2 0 1 0 3 0 1 0 2 0 1 0, #3]" classname="StringTasksSpec" time="0.0"/>
  <system-out><![CDATA[]]></system-out>
  <system-err><![CDATA[]]></system-err>
</testsuite>
